27-Apr-2025 18:49:53.410 INFO [Thread-1] org.apache.coyote.AbstractProtocol.pause Pausing ProtocolHandler ["http-nio-8082"]
27-Apr-2025 18:49:53.422 INFO [Thread-1] org.apache.catalina.core.StandardService.stopInternal Stopping service [Catalina]
27-Apr-2025 18:49:53.479 INFO [Thread-1] org.apache.coyote.AbstractProtocol.stop Stopping ProtocolHandler ["http-nio-8082"]
27-Apr-2025 18:49:53.493 INFO [Thread-1] org.apache.coyote.AbstractProtocol.destroy Destroying ProtocolHandler ["http-nio-8082"]
27-Apr-2025 18:49:56.028 INFO [main] org.apache.catalina.startup.VersionLoggerListener.log Server version name:   Apache Tomcat/11.0.6
27-Apr-2025 18:49:56.032 INFO [main] org.apache.catalina.startup.VersionLoggerListener.log Server built:          Apr 1 2025 14:40:40 UTC
27-Apr-2025 18:49:56.032 INFO [main] org.apache.catalina.startup.VersionLoggerListener.log Server version number: 11.0.6.0
27-Apr-2025 18:49:56.032 INFO [main] org.apache.catalina.startup.VersionLoggerListener.log OS Name:               Windows 11
27-Apr-2025 18:49:56.032 INFO [main] org.apache.catalina.startup.VersionLoggerListener.log OS Version:            10.0
27-Apr-2025 18:49:56.032 INFO [main] org.apache.catalina.startup.VersionLoggerListener.log Architecture:          amd64
27-Apr-2025 18:49:56.032 INFO [main] org.apache.catalina.startup.VersionLoggerListener.log Java Home:             C:\Program Files\Eclipse Adoptium\jdk-21.0.6.7-hotspot
27-Apr-2025 18:49:56.032 INFO [main] org.apache.catalina.startup.VersionLoggerListener.log JVM Version:           21.0.6+7-LTS
27-Apr-2025 18:49:56.033 INFO [main] org.apache.catalina.startup.VersionLoggerListener.log JVM Vendor:            Eclipse Adoptium
27-Apr-2025 18:49:56.033 INFO [main] org.apache.catalina.startup.VersionLoggerListener.log CATALINA_BASE:         C:\Practice\Git Repo\JAVA-FullStack_Repo\apache-tomcat-11.0.6\apache-tomcat-11.0.6
27-Apr-2025 18:49:56.033 INFO [main] org.apache.catalina.startup.VersionLoggerListener.log CATALINA_HOME:         C:\Practice\Git Repo\JAVA-FullStack_Repo\apache-tomcat-11.0.6\apache-tomcat-11.0.6
27-Apr-2025 18:49:56.044 INFO [main] org.apache.catalina.startup.VersionLoggerListener.log Command line argument: --add-opens=java.base/java.lang=ALL-UNNAMED
27-Apr-2025 18:49:56.044 INFO [main] org.apache.catalina.startup.VersionLoggerListener.log Command line argument: --add-opens=java.base/java.io=ALL-UNNAMED
27-Apr-2025 18:49:56.044 INFO [main] org.apache.catalina.startup.VersionLoggerListener.log Command line argument: --add-opens=java.base/java.util=ALL-UNNAMED
27-Apr-2025 18:49:56.044 INFO [main] org.apache.catalina.startup.VersionLoggerListener.log Command line argument: --add-opens=java.base/java.util.concurrent=ALL-UNNAMED
27-Apr-2025 18:49:56.045 INFO [main] org.apache.catalina.startup.VersionLoggerListener.log Command line argument: --add-opens=java.rmi/sun.rmi.transport=ALL-UNNAMED
27-Apr-2025 18:49:56.045 INFO [main] org.apache.catalina.startup.VersionLoggerListener.log Command line argument: -Dcatalina.home=C:\Practice\Git Repo\JAVA-FullStack_Repo\apache-tomcat-11.0.6\apache-tomcat-11.0.6
27-Apr-2025 18:49:56.045 INFO [main] org.apache.catalina.startup.VersionLoggerListener.log Command line argument: -Dcatalina.base=C:\Practice\Git Repo\JAVA-FullStack_Repo\apache-tomcat-11.0.6\apache-tomcat-11.0.6
27-Apr-2025 18:49:56.045 INFO [main] org.apache.catalina.startup.VersionLoggerListener.log Command line argument: -Djava.io.tmpdir=C:\Practice\Git Repo\JAVA-FullStack_Repo\apache-tomcat-11.0.6\apache-tomcat-11.0.6\temp
27-Apr-2025 18:49:56.045 INFO [main] org.apache.catalina.startup.VersionLoggerListener.log Command line argument: -Djava.util.logging.config.file=C:\Practice\Git Repo\JAVA-FullStack_Repo\apache-tomcat-11.0.6\apache-tomcat-11.0.6\conf\logging.properties
27-Apr-2025 18:49:56.046 INFO [main] org.apache.catalina.startup.VersionLoggerListener.log Command line argument: -Djava.util.logging.manager=org.apache.juli.ClassLoaderLogManager
27-Apr-2025 18:49:56.046 INFO [main] org.apache.catalina.startup.VersionLoggerListener.log Command line argument: -javaagent:C:\Program Files\JetBrains\IntelliJ IDEA Community Edition 2024.3.3\lib\idea_rt.jar=62248:C:\Program Files\JetBrains\IntelliJ IDEA Community Edition 2024.3.3\bin
27-Apr-2025 18:49:56.046 INFO [main] org.apache.catalina.startup.VersionLoggerListener.log Command line argument: -Dfile.encoding=UTF-8
27-Apr-2025 18:49:56.046 INFO [main] org.apache.catalina.startup.VersionLoggerListener.log Command line argument: -Dsun.stdout.encoding=UTF-8
27-Apr-2025 18:49:56.046 INFO [main] org.apache.catalina.startup.VersionLoggerListener.log Command line argument: -Dsun.stderr.encoding=UTF-8
27-Apr-2025 18:49:56.051 INFO [main] org.apache.catalina.core.AprLifecycleListener.lifecycleEvent The Apache Tomcat Native library which allows using OpenSSL was not found on the java.library.path: [C:\Program Files\Eclipse Adoptium\jdk-21.0.6.7-hotspot\bin;C:\WINDOWS\Sun\Java\bin;C:\WINDOWS\system32;C:\WINDOWS;C:\Program Files\Common Files\Oracle\Java\javapath;C:\Program Files\Eclipse Adoptium\jdk-21.0.6.7-hotspot\bin;C:\Program Files (x86)\Common Files\Oracle\Java\javapath;C:\WINDOWS\system32;C:\WINDOWS;C:\WINDOWS\System32\Wbem;C:\WINDOWS\System32\WindowsPowerShell\v1.0\;C:\WINDOWS\System32\OpenSSH\;C:\Program Files\ServiceNow;C:\Program Files (x86)\Pulse Secure\VC142.CRT\X64\;C:\Program Files (x86)\Pulse Secure\VC142.CRT\X86\;C:\Program Files (x86)\Common Files\Pulse Secure\TNC Client Plugin\;C:\Program Files (x86)\NVIDIA Corporation\PhysX\Common;C:\Program Files\dotnet\;C:\Program Files (x86)\Windows Kits\10\Windows Performance Toolkit\;C:\Program Files\Git\cmd;C:\Program Files\PowerShell\7\;C:\Program Files\MySQL\MySQL Server 8.0\bin;C:\Program Files\MySQL\MySQL Shell 8.0\bin\;C:\Users\pbhalkikar\AppData\Local\Programs\Python\Python313\Scripts\;C:\Users\pbhalkikar\AppData\Local\Programs\Python\Python313\;C:\Users\pbhalkikar\AppData\Local\Programs\Python\Launcher\;C:\Users\pbhalkikar\AppData\Local\Microsoft\WindowsApps;C:\Users\pbhalkikar\.dotnet\tools;C:\Users\pbhalkikar\AppData\Local\Programs\Microsoft VS Code\bin;C:\Users\pbhalkikar\AppData\Local\Programs\Python\Python313\python.exe;C:\Users\pbhalkikar\AppData\Local\Programs\Python\Python313\Lib\site-packages;C:\Program Files\JetBrains\IntelliJ IDEA Community Edition 2024.3.3\bin;;C:\Users\pbhalkikar\Downloads\apache-maven-3.9.9-bin\apache-maven-3.9.9\bin;;.]
27-Apr-2025 18:49:56.282 INFO [main] org.apache.coyote.AbstractProtocol.init Initializing ProtocolHandler ["http-nio-8082"]
27-Apr-2025 18:49:56.301 INFO [main] org.apache.catalina.startup.Catalina.load Server initialization in [420] milliseconds
27-Apr-2025 18:49:56.359 INFO [main] org.apache.catalina.core.StandardService.startInternal Starting service [Catalina]
27-Apr-2025 18:49:56.359 INFO [main] org.apache.catalina.core.StandardEngine.startInternal Starting Servlet engine: [Apache Tomcat/11.0.6]
27-Apr-2025 18:49:56.368 INFO [main] org.apache.catalina.startup.HostConfig.deployDescriptor Deploying deployment descriptor [C:\Practice\Git Repo\JAVA-FullStack_Repo\apache-tomcat-11.0.6\apache-tomcat-11.0.6\conf\Catalina\localhost\FirdtServlet.xml]
27-Apr-2025 18:49:56.660 INFO [main] org.apache.catalina.startup.HostConfig.deployDescriptor Deployment of deployment descriptor [C:\Practice\Git Repo\JAVA-FullStack_Repo\apache-tomcat-11.0.6\apache-tomcat-11.0.6\conf\Catalina\localhost\FirdtServlet.xml] has finished in [292] ms
27-Apr-2025 18:49:56.661 INFO [main] org.apache.catalina.startup.HostConfig.deployDirectory Deploying web application directory [C:\Practice\Git Repo\JAVA-FullStack_Repo\apache-tomcat-11.0.6\apache-tomcat-11.0.6\webapps\docs]
27-Apr-2025 18:49:56.707 INFO [main] org.apache.catalina.startup.HostConfig.deployDirectory Deployment of web application directory [C:\Practice\Git Repo\JAVA-FullStack_Repo\apache-tomcat-11.0.6\apache-tomcat-11.0.6\webapps\docs] has finished in [45] ms
27-Apr-2025 18:49:56.707 INFO [main] org.apache.catalina.startup.HostConfig.deployDirectory Deploying web application directory [C:\Practice\Git Repo\JAVA-FullStack_Repo\apache-tomcat-11.0.6\apache-tomcat-11.0.6\webapps\examples]
27-Apr-2025 18:49:57.171 INFO [main] org.apache.catalina.startup.HostConfig.deployDirectory Deployment of web application directory [C:\Practice\Git Repo\JAVA-FullStack_Repo\apache-tomcat-11.0.6\apache-tomcat-11.0.6\webapps\examples] has finished in [464] ms
27-Apr-2025 18:49:57.171 INFO [main] org.apache.catalina.startup.HostConfig.deployDirectory Deploying web application directory [C:\Practice\Git Repo\JAVA-FullStack_Repo\apache-tomcat-11.0.6\apache-tomcat-11.0.6\webapps\host-manager]
27-Apr-2025 18:49:57.208 INFO [main] org.apache.catalina.startup.HostConfig.deployDirectory Deployment of web application directory [C:\Practice\Git Repo\JAVA-FullStack_Repo\apache-tomcat-11.0.6\apache-tomcat-11.0.6\webapps\host-manager] has finished in [37] ms
27-Apr-2025 18:49:57.209 INFO [main] org.apache.catalina.startup.HostConfig.deployDirectory Deploying web application directory [C:\Practice\Git Repo\JAVA-FullStack_Repo\apache-tomcat-11.0.6\apache-tomcat-11.0.6\webapps\manager]
27-Apr-2025 18:49:57.249 INFO [main] org.apache.catalina.startup.HostConfig.deployDirectory Deployment of web application directory [C:\Practice\Git Repo\JAVA-FullStack_Repo\apache-tomcat-11.0.6\apache-tomcat-11.0.6\webapps\manager] has finished in [41] ms
27-Apr-2025 18:49:57.250 INFO [main] org.apache.catalina.startup.HostConfig.deployDirectory Deploying web application directory [C:\Practice\Git Repo\JAVA-FullStack_Repo\apache-tomcat-11.0.6\apache-tomcat-11.0.6\webapps\ROOT]
27-Apr-2025 18:49:57.282 INFO [main] org.apache.catalina.startup.HostConfig.deployDirectory Deployment of web application directory [C:\Practice\Git Repo\JAVA-FullStack_Repo\apache-tomcat-11.0.6\apache-tomcat-11.0.6\webapps\ROOT] has finished in [33] ms
27-Apr-2025 18:49:57.285 INFO [main] org.apache.coyote.AbstractProtocol.start Starting ProtocolHandler ["http-nio-8082"]
27-Apr-2025 18:49:57.303 INFO [main] org.apache.catalina.startup.Catalina.start Server startup in [1001] milliseconds
27-Apr-2025 18:50:57.452 INFO [Thread-1] org.apache.coyote.AbstractProtocol.pause Pausing ProtocolHandler ["http-nio-8082"]
27-Apr-2025 18:50:57.455 INFO [Thread-1] org.apache.catalina.core.StandardService.stopInternal Stopping service [Catalina]
27-Apr-2025 18:50:57.470 INFO [Thread-1] org.apache.coyote.AbstractProtocol.stop Stopping ProtocolHandler ["http-nio-8082"]
27-Apr-2025 18:50:57.487 INFO [Thread-1] org.apache.coyote.AbstractProtocol.destroy Destroying ProtocolHandler ["http-nio-8082"]
