25-Apr-2025 15:51:21.898 INFO [main] org.apache.catalina.core.ApplicationContext.log ContextListener: contextInitialized()
25-Apr-2025 15:51:21.898 INFO [main] org.apache.catalina.core.ApplicationContext.log SessionListener: contextInitialized()
25-Apr-2025 15:51:21.899 INFO [main] org.apache.catalina.core.ApplicationContext.log ContextListener: attributeAdded('StockTicker', 'async.Stockticker@1d71006f')
25-Apr-2025 15:56:11.495 INFO [Thread-1] org.apache.catalina.core.ApplicationContext.log SessionListener: contextDestroyed()
25-Apr-2025 15:56:11.495 INFO [Thread-1] org.apache.catalina.core.ApplicationContext.log ContextListener: contextDestroyed()
25-Apr-2025 15:56:13.788 INFO [main] org.apache.catalina.core.ApplicationContext.log ContextListener: contextInitialized()
25-Apr-2025 15:56:13.788 INFO [main] org.apache.catalina.core.ApplicationContext.log SessionListener: contextInitialized()
25-Apr-2025 15:56:13.790 INFO [main] org.apache.catalina.core.ApplicationContext.log ContextListener: attributeAdded('StockTicker', 'async.Stockticker@6d1d4d7')
25-Apr-2025 15:56:30.244 INFO [http-nio-8082-exec-3] org.apache.catalina.core.ApplicationContext.log Marking servlet [FirstServlet] as unavailable
25-Apr-2025 15:56:30.244 SEVERE [http-nio-8082-exec-3] org.apache.catalina.core.StandardWrapperValve.invoke Allocate exception for servlet [FirstServlet]
	java.lang.ClassNotFoundException: com.example.FirstServlet
		at org.apache.catalina.loader.WebappClassLoaderBase.loadClass(WebappClassLoaderBase.java:1228)
		at org.apache.catalina.loader.WebappClassLoaderBase.loadClass(WebappClassLoaderBase.java:1059)
		at org.apache.catalina.core.DefaultInstanceManager.loadClass(DefaultInstanceManager.java:482)
		at org.apache.catalina.core.DefaultInstanceManager.loadClassMaybePrivileged(DefaultInstanceManager.java:465)
		at org.apache.catalina.core.DefaultInstanceManager.newInstance(DefaultInstanceManager.java:139)
		at org.apache.catalina.core.StandardWrapper.loadServlet(StandardWrapper.java:756)
		at org.apache.catalina.core.StandardWrapper.allocate(StandardWrapper.java:574)
		at org.apache.catalina.core.StandardWrapperValve.invoke(StandardWrapperValve.java:115)
		at org.apache.catalina.core.StandardContextValve.invoke(StandardContextValve.java:79)
		at org.apache.catalina.authenticator.AuthenticatorBase.invoke(AuthenticatorBase.java:483)
		at org.apache.catalina.core.StandardHostValve.invoke(StandardHostValve.java:116)
		at org.apache.catalina.valves.ErrorReportValve.invoke(ErrorReportValve.java:93)
		at org.apache.catalina.valves.AbstractAccessLogValve.invoke(AbstractAccessLogValve.java:666)
		at org.apache.catalina.core.StandardEngineValve.invoke(StandardEngineValve.java:74)
		at org.apache.catalina.connector.CoyoteAdapter.service(CoyoteAdapter.java:343)
		at org.apache.coyote.http11.Http11Processor.service(Http11Processor.java:396)
		at org.apache.coyote.AbstractProcessorLight.process(AbstractProcessorLight.java:63)
		at org.apache.coyote.AbstractProtocol$ConnectionHandler.process(AbstractProtocol.java:903)
		at org.apache.tomcat.util.net.NioEndpoint$SocketProcessor.doRun(NioEndpoint.java:1744)
		at org.apache.tomcat.util.net.SocketProcessorBase.run(SocketProcessorBase.java:52)
		at org.apache.tomcat.util.threads.ThreadPoolExecutor.runWorker(ThreadPoolExecutor.java:1149)
		at org.apache.tomcat.util.threads.ThreadPoolExecutor$Worker.run(ThreadPoolExecutor.java:637)
		at org.apache.tomcat.util.threads.TaskThread$WrappingRunnable.run(TaskThread.java:59)
		at java.base/java.lang.Thread.run(Thread.java:1583)
25-Apr-2025 15:56:53.622 INFO [Thread-1] org.apache.catalina.core.ApplicationContext.log SessionListener: contextDestroyed()
25-Apr-2025 15:56:53.622 INFO [Thread-1] org.apache.catalina.core.ApplicationContext.log ContextListener: contextDestroyed()
25-Apr-2025 15:56:55.811 INFO [main] org.apache.catalina.core.ApplicationContext.log ContextListener: contextInitialized()
25-Apr-2025 15:56:55.811 INFO [main] org.apache.catalina.core.ApplicationContext.log SessionListener: contextInitialized()
25-Apr-2025 15:56:55.813 INFO [main] org.apache.catalina.core.ApplicationContext.log ContextListener: attributeAdded('StockTicker', 'async.Stockticker@52500920')
25-Apr-2025 15:57:12.283 INFO [Thread-1] org.apache.catalina.core.ApplicationContext.log SessionListener: contextDestroyed()
25-Apr-2025 15:57:12.283 INFO [Thread-1] org.apache.catalina.core.ApplicationContext.log ContextListener: contextDestroyed()
25-Apr-2025 15:57:14.402 INFO [main] org.apache.catalina.core.ApplicationContext.log ContextListener: contextInitialized()
25-Apr-2025 15:57:14.403 INFO [main] org.apache.catalina.core.ApplicationContext.log SessionListener: contextInitialized()
25-Apr-2025 15:57:14.404 INFO [main] org.apache.catalina.core.ApplicationContext.log ContextListener: attributeAdded('StockTicker', 'async.Stockticker@89ff02e')
25-Apr-2025 15:59:28.048 INFO [Thread-1] org.apache.catalina.core.ApplicationContext.log SessionListener: contextDestroyed()
25-Apr-2025 15:59:28.048 INFO [Thread-1] org.apache.catalina.core.ApplicationContext.log ContextListener: contextDestroyed()
25-Apr-2025 15:59:30.119 INFO [main] org.apache.catalina.core.ApplicationContext.log ContextListener: contextInitialized()
25-Apr-2025 15:59:30.119 INFO [main] org.apache.catalina.core.ApplicationContext.log SessionListener: contextInitialized()
25-Apr-2025 15:59:30.121 INFO [main] org.apache.catalina.core.ApplicationContext.log ContextListener: attributeAdded('StockTicker', 'async.Stockticker@89ff02e')
25-Apr-2025 15:59:53.853 INFO [Thread-1] org.apache.catalina.core.ApplicationContext.log SessionListener: contextDestroyed()
25-Apr-2025 15:59:53.853 INFO [Thread-1] org.apache.catalina.core.ApplicationContext.log ContextListener: contextDestroyed()
25-Apr-2025 15:59:56.434 INFO [main] org.apache.catalina.core.ApplicationContext.log ContextListener: contextInitialized()
25-Apr-2025 15:59:56.434 INFO [main] org.apache.catalina.core.ApplicationContext.log SessionListener: contextInitialized()
25-Apr-2025 15:59:56.436 INFO [main] org.apache.catalina.core.ApplicationContext.log ContextListener: attributeAdded('StockTicker', 'async.Stockticker@1ca25c47')
25-Apr-2025 16:03:06.672 INFO [Thread-1] org.apache.catalina.core.ApplicationContext.log SessionListener: contextDestroyed()
25-Apr-2025 16:03:06.672 INFO [Thread-1] org.apache.catalina.core.ApplicationContext.log ContextListener: contextDestroyed()
25-Apr-2025 16:03:08.736 INFO [main] org.apache.catalina.core.ApplicationContext.log ContextListener: contextInitialized()
25-Apr-2025 16:03:08.736 INFO [main] org.apache.catalina.core.ApplicationContext.log SessionListener: contextInitialized()
25-Apr-2025 16:03:08.738 INFO [main] org.apache.catalina.core.ApplicationContext.log ContextListener: attributeAdded('StockTicker', 'async.Stockticker@69c79f09')
25-Apr-2025 16:03:14.343 INFO [http-nio-8082-exec-3] org.apache.catalina.core.ApplicationContext.log Marking servlet [FirdtServlet] as unavailable
25-Apr-2025 16:03:14.343 SEVERE [http-nio-8082-exec-3] org.apache.catalina.core.StandardWrapperValve.invoke Allocate exception for servlet [FirdtServlet]
	java.lang.ClassNotFoundException: FirdtServlet
		at org.apache.catalina.loader.WebappClassLoaderBase.loadClass(WebappClassLoaderBase.java:1228)
		at org.apache.catalina.loader.WebappClassLoaderBase.loadClass(WebappClassLoaderBase.java:1059)
		at org.apache.catalina.core.DefaultInstanceManager.loadClass(DefaultInstanceManager.java:482)
		at org.apache.catalina.core.DefaultInstanceManager.loadClassMaybePrivileged(DefaultInstanceManager.java:465)
		at org.apache.catalina.core.DefaultInstanceManager.newInstance(DefaultInstanceManager.java:139)
		at org.apache.catalina.core.StandardWrapper.loadServlet(StandardWrapper.java:756)
		at org.apache.catalina.core.StandardWrapper.allocate(StandardWrapper.java:574)
		at org.apache.catalina.core.StandardWrapperValve.invoke(StandardWrapperValve.java:115)
		at org.apache.catalina.core.StandardContextValve.invoke(StandardContextValve.java:79)
		at org.apache.catalina.authenticator.AuthenticatorBase.invoke(AuthenticatorBase.java:483)
		at org.apache.catalina.core.StandardHostValve.invoke(StandardHostValve.java:116)
		at org.apache.catalina.valves.ErrorReportValve.invoke(ErrorReportValve.java:93)
		at org.apache.catalina.valves.AbstractAccessLogValve.invoke(AbstractAccessLogValve.java:666)
		at org.apache.catalina.core.StandardEngineValve.invoke(StandardEngineValve.java:74)
		at org.apache.catalina.connector.CoyoteAdapter.service(CoyoteAdapter.java:343)
		at org.apache.coyote.http11.Http11Processor.service(Http11Processor.java:396)
		at org.apache.coyote.AbstractProcessorLight.process(AbstractProcessorLight.java:63)
		at org.apache.coyote.AbstractProtocol$ConnectionHandler.process(AbstractProtocol.java:903)
		at org.apache.tomcat.util.net.NioEndpoint$SocketProcessor.doRun(NioEndpoint.java:1744)
		at org.apache.tomcat.util.net.SocketProcessorBase.run(SocketProcessorBase.java:52)
		at org.apache.tomcat.util.threads.ThreadPoolExecutor.runWorker(ThreadPoolExecutor.java:1149)
		at org.apache.tomcat.util.threads.ThreadPoolExecutor$Worker.run(ThreadPoolExecutor.java:637)
		at org.apache.tomcat.util.threads.TaskThread$WrappingRunnable.run(TaskThread.java:59)
		at java.base/java.lang.Thread.run(Thread.java:1583)
25-Apr-2025 16:04:39.011 INFO [Thread-1] org.apache.catalina.core.ApplicationContext.log SessionListener: contextDestroyed()
25-Apr-2025 16:04:39.011 INFO [Thread-1] org.apache.catalina.core.ApplicationContext.log ContextListener: contextDestroyed()
25-Apr-2025 16:04:42.640 INFO [main] org.apache.catalina.core.ApplicationContext.log ContextListener: contextInitialized()
25-Apr-2025 16:04:42.640 INFO [main] org.apache.catalina.core.ApplicationContext.log SessionListener: contextInitialized()
25-Apr-2025 16:04:42.642 INFO [main] org.apache.catalina.core.ApplicationContext.log ContextListener: attributeAdded('StockTicker', 'async.Stockticker@1ca25c47')
25-Apr-2025 16:06:15.097 INFO [Thread-1] org.apache.catalina.core.ApplicationContext.log SessionListener: contextDestroyed()
25-Apr-2025 16:06:15.097 INFO [Thread-1] org.apache.catalina.core.ApplicationContext.log ContextListener: contextDestroyed()
25-Apr-2025 16:06:17.877 INFO [main] org.apache.catalina.core.ApplicationContext.log ContextListener: contextInitialized()
25-Apr-2025 16:06:17.877 INFO [main] org.apache.catalina.core.ApplicationContext.log SessionListener: contextInitialized()
25-Apr-2025 16:06:17.879 INFO [main] org.apache.catalina.core.ApplicationContext.log ContextListener: attributeAdded('StockTicker', 'async.Stockticker@5fcacc0')
25-Apr-2025 16:06:23.672 INFO [http-nio-8082-exec-2] org.apache.catalina.core.ApplicationContext.log Marking servlet [FirdtServlet] as unavailable
25-Apr-2025 16:06:23.672 SEVERE [http-nio-8082-exec-2] org.apache.catalina.core.StandardWrapperValve.invoke Allocate exception for servlet [FirdtServlet]
	java.lang.ClassNotFoundException: com.example.FirdtServlet
		at org.apache.catalina.loader.WebappClassLoaderBase.loadClass(WebappClassLoaderBase.java:1228)
		at org.apache.catalina.loader.WebappClassLoaderBase.loadClass(WebappClassLoaderBase.java:1059)
		at org.apache.catalina.core.DefaultInstanceManager.loadClass(DefaultInstanceManager.java:482)
		at org.apache.catalina.core.DefaultInstanceManager.loadClassMaybePrivileged(DefaultInstanceManager.java:465)
		at org.apache.catalina.core.DefaultInstanceManager.newInstance(DefaultInstanceManager.java:139)
		at org.apache.catalina.core.StandardWrapper.loadServlet(StandardWrapper.java:756)
		at org.apache.catalina.core.StandardWrapper.allocate(StandardWrapper.java:574)
		at org.apache.catalina.core.StandardWrapperValve.invoke(StandardWrapperValve.java:115)
		at org.apache.catalina.core.StandardContextValve.invoke(StandardContextValve.java:79)
		at org.apache.catalina.authenticator.AuthenticatorBase.invoke(AuthenticatorBase.java:483)
		at org.apache.catalina.core.StandardHostValve.invoke(StandardHostValve.java:116)
		at org.apache.catalina.valves.ErrorReportValve.invoke(ErrorReportValve.java:93)
		at org.apache.catalina.valves.AbstractAccessLogValve.invoke(AbstractAccessLogValve.java:666)
		at org.apache.catalina.core.StandardEngineValve.invoke(StandardEngineValve.java:74)
		at org.apache.catalina.connector.CoyoteAdapter.service(CoyoteAdapter.java:343)
		at org.apache.coyote.http11.Http11Processor.service(Http11Processor.java:396)
		at org.apache.coyote.AbstractProcessorLight.process(AbstractProcessorLight.java:63)
		at org.apache.coyote.AbstractProtocol$ConnectionHandler.process(AbstractProtocol.java:903)
		at org.apache.tomcat.util.net.NioEndpoint$SocketProcessor.doRun(NioEndpoint.java:1744)
		at org.apache.tomcat.util.net.SocketProcessorBase.run(SocketProcessorBase.java:52)
		at org.apache.tomcat.util.threads.ThreadPoolExecutor.runWorker(ThreadPoolExecutor.java:1149)
		at org.apache.tomcat.util.threads.ThreadPoolExecutor$Worker.run(ThreadPoolExecutor.java:637)
		at org.apache.tomcat.util.threads.TaskThread$WrappingRunnable.run(TaskThread.java:59)
		at java.base/java.lang.Thread.run(Thread.java:1583)
25-Apr-2025 16:08:01.665 INFO [Thread-1] org.apache.catalina.core.ApplicationContext.log SessionListener: contextDestroyed()
25-Apr-2025 16:08:01.665 INFO [Thread-1] org.apache.catalina.core.ApplicationContext.log ContextListener: contextDestroyed()
25-Apr-2025 16:08:03.785 INFO [main] org.apache.catalina.core.ApplicationContext.log ContextListener: contextInitialized()
25-Apr-2025 16:08:03.785 INFO [main] org.apache.catalina.core.ApplicationContext.log SessionListener: contextInitialized()
25-Apr-2025 16:08:03.788 INFO [main] org.apache.catalina.core.ApplicationContext.log ContextListener: attributeAdded('StockTicker', 'async.Stockticker@5fcacc0')
25-Apr-2025 16:08:09.247 INFO [http-nio-8082-exec-2] org.apache.catalina.core.ApplicationContext.log Marking servlet [FirdtServlet] as unavailable
25-Apr-2025 16:08:09.247 SEVERE [http-nio-8082-exec-2] org.apache.catalina.core.StandardWrapperValve.invoke Allocate exception for servlet [FirdtServlet]
	java.lang.ClassNotFoundException: com.example.FirdtServlet
		at org.apache.catalina.loader.WebappClassLoaderBase.loadClass(WebappClassLoaderBase.java:1228)
		at org.apache.catalina.loader.WebappClassLoaderBase.loadClass(WebappClassLoaderBase.java:1059)
		at org.apache.catalina.core.DefaultInstanceManager.loadClass(DefaultInstanceManager.java:482)
		at org.apache.catalina.core.DefaultInstanceManager.loadClassMaybePrivileged(DefaultInstanceManager.java:465)
		at org.apache.catalina.core.DefaultInstanceManager.newInstance(DefaultInstanceManager.java:139)
		at org.apache.catalina.core.StandardWrapper.loadServlet(StandardWrapper.java:756)
		at org.apache.catalina.core.StandardWrapper.allocate(StandardWrapper.java:574)
		at org.apache.catalina.core.StandardWrapperValve.invoke(StandardWrapperValve.java:115)
		at org.apache.catalina.core.StandardContextValve.invoke(StandardContextValve.java:79)
		at org.apache.catalina.authenticator.AuthenticatorBase.invoke(AuthenticatorBase.java:483)
		at org.apache.catalina.core.StandardHostValve.invoke(StandardHostValve.java:116)
		at org.apache.catalina.valves.ErrorReportValve.invoke(ErrorReportValve.java:93)
		at org.apache.catalina.valves.AbstractAccessLogValve.invoke(AbstractAccessLogValve.java:666)
		at org.apache.catalina.core.StandardEngineValve.invoke(StandardEngineValve.java:74)
		at org.apache.catalina.connector.CoyoteAdapter.service(CoyoteAdapter.java:343)
		at org.apache.coyote.http11.Http11Processor.service(Http11Processor.java:396)
		at org.apache.coyote.AbstractProcessorLight.process(AbstractProcessorLight.java:63)
		at org.apache.coyote.AbstractProtocol$ConnectionHandler.process(AbstractProtocol.java:903)
		at org.apache.tomcat.util.net.NioEndpoint$SocketProcessor.doRun(NioEndpoint.java:1744)
		at org.apache.tomcat.util.net.SocketProcessorBase.run(SocketProcessorBase.java:52)
		at org.apache.tomcat.util.threads.ThreadPoolExecutor.runWorker(ThreadPoolExecutor.java:1149)
		at org.apache.tomcat.util.threads.ThreadPoolExecutor$Worker.run(ThreadPoolExecutor.java:637)
		at org.apache.tomcat.util.threads.TaskThread$WrappingRunnable.run(TaskThread.java:59)
		at java.base/java.lang.Thread.run(Thread.java:1583)
25-Apr-2025 16:10:01.925 INFO [Thread-1] org.apache.catalina.core.ApplicationContext.log SessionListener: contextDestroyed()
25-Apr-2025 16:10:01.925 INFO [Thread-1] org.apache.catalina.core.ApplicationContext.log ContextListener: contextDestroyed()
25-Apr-2025 16:11:53.098 INFO [main] org.apache.catalina.core.ApplicationContext.log ContextListener: contextInitialized()
25-Apr-2025 16:11:53.099 INFO [main] org.apache.catalina.core.ApplicationContext.log SessionListener: contextInitialized()
25-Apr-2025 16:11:53.101 INFO [main] org.apache.catalina.core.ApplicationContext.log ContextListener: attributeAdded('StockTicker', 'async.Stockticker@1ca25c47')
25-Apr-2025 16:11:59.419 INFO [http-nio-8082-exec-3] org.apache.catalina.core.ApplicationContext.log Marking servlet [FirdtServlet] as unavailable
25-Apr-2025 16:11:59.419 SEVERE [http-nio-8082-exec-3] org.apache.catalina.core.StandardWrapperValve.invoke Allocate exception for servlet [FirdtServlet]
	java.lang.ClassNotFoundException: com.example.FirdtServlet
		at org.apache.catalina.loader.WebappClassLoaderBase.loadClass(WebappClassLoaderBase.java:1228)
		at org.apache.catalina.loader.WebappClassLoaderBase.loadClass(WebappClassLoaderBase.java:1059)
		at org.apache.catalina.core.DefaultInstanceManager.loadClass(DefaultInstanceManager.java:482)
		at org.apache.catalina.core.DefaultInstanceManager.loadClassMaybePrivileged(DefaultInstanceManager.java:465)
		at org.apache.catalina.core.DefaultInstanceManager.newInstance(DefaultInstanceManager.java:139)
		at org.apache.catalina.core.StandardWrapper.loadServlet(StandardWrapper.java:756)
		at org.apache.catalina.core.StandardWrapper.allocate(StandardWrapper.java:574)
		at org.apache.catalina.core.StandardWrapperValve.invoke(StandardWrapperValve.java:115)
		at org.apache.catalina.core.StandardContextValve.invoke(StandardContextValve.java:79)
		at org.apache.catalina.authenticator.AuthenticatorBase.invoke(AuthenticatorBase.java:483)
		at org.apache.catalina.core.StandardHostValve.invoke(StandardHostValve.java:116)
		at org.apache.catalina.valves.ErrorReportValve.invoke(ErrorReportValve.java:93)
		at org.apache.catalina.valves.AbstractAccessLogValve.invoke(AbstractAccessLogValve.java:666)
		at org.apache.catalina.core.StandardEngineValve.invoke(StandardEngineValve.java:74)
		at org.apache.catalina.connector.CoyoteAdapter.service(CoyoteAdapter.java:343)
		at org.apache.coyote.http11.Http11Processor.service(Http11Processor.java:396)
		at org.apache.coyote.AbstractProcessorLight.process(AbstractProcessorLight.java:63)
		at org.apache.coyote.AbstractProtocol$ConnectionHandler.process(AbstractProtocol.java:903)
		at org.apache.tomcat.util.net.NioEndpoint$SocketProcessor.doRun(NioEndpoint.java:1744)
		at org.apache.tomcat.util.net.SocketProcessorBase.run(SocketProcessorBase.java:52)
		at org.apache.tomcat.util.threads.ThreadPoolExecutor.runWorker(ThreadPoolExecutor.java:1149)
		at org.apache.tomcat.util.threads.ThreadPoolExecutor$Worker.run(ThreadPoolExecutor.java:637)
		at org.apache.tomcat.util.threads.TaskThread$WrappingRunnable.run(TaskThread.java:59)
		at java.base/java.lang.Thread.run(Thread.java:1583)
25-Apr-2025 16:12:27.389 INFO [Thread-1] org.apache.catalina.core.ApplicationContext.log SessionListener: contextDestroyed()
25-Apr-2025 16:12:27.389 INFO [Thread-1] org.apache.catalina.core.ApplicationContext.log ContextListener: contextDestroyed()
25-Apr-2025 16:12:29.495 INFO [main] org.apache.catalina.core.ApplicationContext.log ContextListener: contextInitialized()
25-Apr-2025 16:12:29.495 INFO [main] org.apache.catalina.core.ApplicationContext.log SessionListener: contextInitialized()
25-Apr-2025 16:12:29.497 INFO [main] org.apache.catalina.core.ApplicationContext.log ContextListener: attributeAdded('StockTicker', 'async.Stockticker@184497d1')
25-Apr-2025 16:22:23.037 INFO [Thread-1] org.apache.catalina.core.ApplicationContext.log SessionListener: contextDestroyed()
25-Apr-2025 16:22:23.037 INFO [Thread-1] org.apache.catalina.core.ApplicationContext.log ContextListener: contextDestroyed()
25-Apr-2025 16:22:25.173 INFO [main] org.apache.catalina.core.ApplicationContext.log ContextListener: contextInitialized()
25-Apr-2025 16:22:25.173 INFO [main] org.apache.catalina.core.ApplicationContext.log SessionListener: contextInitialized()
25-Apr-2025 16:22:25.175 INFO [main] org.apache.catalina.core.ApplicationContext.log ContextListener: attributeAdded('StockTicker', 'async.Stockticker@89ff02e')
25-Apr-2025 16:23:15.878 INFO [Thread-1] org.apache.catalina.core.ApplicationContext.log SessionListener: contextDestroyed()
25-Apr-2025 16:23:15.878 INFO [Thread-1] org.apache.catalina.core.ApplicationContext.log ContextListener: contextDestroyed()
25-Apr-2025 16:23:17.922 INFO [main] org.apache.catalina.core.ApplicationContext.log ContextListener: contextInitialized()
25-Apr-2025 16:23:17.922 INFO [main] org.apache.catalina.core.ApplicationContext.log SessionListener: contextInitialized()
25-Apr-2025 16:23:17.924 INFO [main] org.apache.catalina.core.ApplicationContext.log ContextListener: attributeAdded('StockTicker', 'async.Stockticker@1ca25c47')
25-Apr-2025 16:23:57.605 INFO [Thread-1] org.apache.catalina.core.ApplicationContext.log SessionListener: contextDestroyed()
25-Apr-2025 16:23:57.605 INFO [Thread-1] org.apache.catalina.core.ApplicationContext.log ContextListener: contextDestroyed()
25-Apr-2025 16:23:59.689 INFO [main] org.apache.catalina.core.ApplicationContext.log ContextListener: contextInitialized()
25-Apr-2025 16:23:59.689 INFO [main] org.apache.catalina.core.ApplicationContext.log SessionListener: contextInitialized()
25-Apr-2025 16:23:59.691 INFO [main] org.apache.catalina.core.ApplicationContext.log ContextListener: attributeAdded('StockTicker', 'async.Stockticker@6d1d4d7')
25-Apr-2025 16:24:16.091 INFO [Thread-1] org.apache.catalina.core.ApplicationContext.log SessionListener: contextDestroyed()
25-Apr-2025 16:24:16.091 INFO [Thread-1] org.apache.catalina.core.ApplicationContext.log ContextListener: contextDestroyed()
25-Apr-2025 16:24:18.214 INFO [main] org.apache.catalina.core.ApplicationContext.log ContextListener: contextInitialized()
25-Apr-2025 16:24:18.214 INFO [main] org.apache.catalina.core.ApplicationContext.log SessionListener: contextInitialized()
25-Apr-2025 16:24:18.217 INFO [main] org.apache.catalina.core.ApplicationContext.log ContextListener: attributeAdded('StockTicker', 'async.Stockticker@533b266e')
25-Apr-2025 16:24:37.770 INFO [Thread-1] org.apache.catalina.core.ApplicationContext.log SessionListener: contextDestroyed()
25-Apr-2025 16:24:37.770 INFO [Thread-1] org.apache.catalina.core.ApplicationContext.log ContextListener: contextDestroyed()
25-Apr-2025 16:24:41.214 INFO [main] org.apache.catalina.core.ApplicationContext.log ContextListener: contextInitialized()
25-Apr-2025 16:24:41.214 INFO [main] org.apache.catalina.core.ApplicationContext.log SessionListener: contextInitialized()
25-Apr-2025 16:24:41.217 INFO [main] org.apache.catalina.core.ApplicationContext.log ContextListener: attributeAdded('StockTicker', 'async.Stockticker@533b266e')
25-Apr-2025 16:25:13.461 INFO [Thread-1] org.apache.catalina.core.ApplicationContext.log SessionListener: contextDestroyed()
25-Apr-2025 16:25:13.461 INFO [Thread-1] org.apache.catalina.core.ApplicationContext.log ContextListener: contextDestroyed()
25-Apr-2025 16:26:01.350 INFO [main] org.apache.catalina.core.ApplicationContext.log ContextListener: contextInitialized()
25-Apr-2025 16:26:01.351 INFO [main] org.apache.catalina.core.ApplicationContext.log SessionListener: contextInitialized()
25-Apr-2025 16:26:01.353 INFO [main] org.apache.catalina.core.ApplicationContext.log ContextListener: attributeAdded('StockTicker', 'async.Stockticker@6ffab045')
25-Apr-2025 16:26:13.880 INFO [Thread-1] org.apache.catalina.core.ApplicationContext.log SessionListener: contextDestroyed()
25-Apr-2025 16:26:13.880 INFO [Thread-1] org.apache.catalina.core.ApplicationContext.log ContextListener: contextDestroyed()
25-Apr-2025 16:26:15.914 INFO [main] org.apache.catalina.core.ApplicationContext.log ContextListener: contextInitialized()
25-Apr-2025 16:26:15.915 INFO [main] org.apache.catalina.core.ApplicationContext.log SessionListener: contextInitialized()
25-Apr-2025 16:26:15.917 INFO [main] org.apache.catalina.core.ApplicationContext.log ContextListener: attributeAdded('StockTicker', 'async.Stockticker@6d1d4d7')
25-Apr-2025 16:26:35.471 INFO [Thread-1] org.apache.catalina.core.ApplicationContext.log SessionListener: contextDestroyed()
25-Apr-2025 16:26:35.471 INFO [Thread-1] org.apache.catalina.core.ApplicationContext.log ContextListener: contextDestroyed()
25-Apr-2025 16:26:38.789 INFO [main] org.apache.catalina.core.ApplicationContext.log ContextListener: contextInitialized()
25-Apr-2025 16:26:38.790 INFO [main] org.apache.catalina.core.ApplicationContext.log SessionListener: contextInitialized()
25-Apr-2025 16:26:38.792 INFO [main] org.apache.catalina.core.ApplicationContext.log ContextListener: attributeAdded('StockTicker', 'async.Stockticker@6d1d4d7')
25-Apr-2025 16:27:15.342 INFO [Thread-1] org.apache.catalina.core.ApplicationContext.log SessionListener: contextDestroyed()
25-Apr-2025 16:27:15.342 INFO [Thread-1] org.apache.catalina.core.ApplicationContext.log ContextListener: contextDestroyed()
25-Apr-2025 16:27:18.711 INFO [main] org.apache.catalina.core.ApplicationContext.log ContextListener: contextInitialized()
25-Apr-2025 16:27:18.711 INFO [main] org.apache.catalina.core.ApplicationContext.log SessionListener: contextInitialized()
25-Apr-2025 16:27:18.712 INFO [main] org.apache.catalina.core.ApplicationContext.log ContextListener: attributeAdded('StockTicker', 'async.Stockticker@184497d1')
25-Apr-2025 16:27:46.888 INFO [Thread-1] org.apache.catalina.core.ApplicationContext.log SessionListener: contextDestroyed()
25-Apr-2025 16:27:46.888 INFO [Thread-1] org.apache.catalina.core.ApplicationContext.log ContextListener: contextDestroyed()
25-Apr-2025 16:27:50.175 INFO [main] org.apache.catalina.core.ApplicationContext.log ContextListener: contextInitialized()
25-Apr-2025 16:27:50.176 INFO [main] org.apache.catalina.core.ApplicationContext.log SessionListener: contextInitialized()
25-Apr-2025 16:27:50.178 INFO [main] org.apache.catalina.core.ApplicationContext.log ContextListener: attributeAdded('StockTicker', 'async.Stockticker@5fcacc0')
